Mémoire totale : 3.8 GiB
Instanciation du bot "Random"
9 classes ont été trouvées
class awele.bot.demo.first.FirstBot
class awele.bot.competitor.nomdubot.QLearningBot
class awele.bot.demo.random.RandomBot
class awele.bot.random.RandomBot
class awele.bot.demo.last.LastBot
class awele.bot.demo.minmax.MinMaxBot
class awele.bot.demo.knn2.Knn2Bot
class awele.bot.competitor.nomdubot.AlphaBetaQLearningBot
class awele.bot.demo.knn1.Knn1Bot

Bot 1/9
Classe : awele.bot.demo.first.FirstBot
Instanciation du bot "First"
Nom du bot : First
Auteur(s) : Alexandre Blansché
Temps d'apprentissage : 00:00:00.000
Durée d'une prise de décision : 00:00:00.000
Usage mémoire : 92.6 KiB
Usage mémoire maximum : 618.9 KiB

Bot 2/9
Classe : awele.bot.competitor.nomdubot.QLearningBot
Instanciation du bot "QlearningBot_Demo"
Nom du bot : QlearningBot_Demo
Auteur(s) : 张三 et 李四
Temps d'apprentissage : 00:00:00.034
Durée d'une prise de décision : 00:00:00.000
Usage mémoire : 50.4 KiB
Usage mémoire maximum : 1.1 MiB

Bot 3/9
Classe : awele.bot.demo.random.RandomBot
Instanciation du bot "Random"
Nom du bot : Random
Auteur(s) : Alexandre Blansché
Temps d'apprentissage : 00:00:00.000
Durée d'une prise de décision : 00:00:00.000
Usage mémoire : 592 B
Usage mémoire maximum : 272.6 KiB

Bot 4/9
Classe : awele.bot.random.RandomBot
Instanciation du bot "Random"
Nom du bot : Random
Auteur(s) : Alexandre Blansché
Temps d'apprentissage : 00:00:00.000
Durée d'une prise de décision : 00:00:00.000
Usage mémoire : 216 B
Usage mémoire maximum : 268.9 KiB

Bot 5/9
Classe : awele.bot.demo.last.LastBot
Instanciation du bot "Last"
Nom du bot : Last
Auteur(s) : Alexandre Blansché
Temps d'apprentissage : 00:00:00.000
Durée d'une prise de décision : 00:00:00.000
Usage mémoire : 736 B
Usage mémoire maximum : 280.0 KiB

Bot 6/9
Classe : awele.bot.demo.minmax.MinMaxBot
Instanciation du bot "MinMax"
Nom du bot : MinMax
Auteur(s) : Alexandre Blansché
Temps d'apprentissage : 00:00:00.000
Durée d'une prise de décision : 00:00:00.011
Usage mémoire : 1.4 KiB
Usage mémoire maximum : 56.5 MiB

Bot 7/9
Classe : awele.bot.demo.knn2.Knn2Bot
Instanciation du bot "k-NN2"
Nom du bot : k-NN2
Auteur(s) : Alexandre Blansché
Temps d'apprentissage : 00:00:00.009
Durée d'une prise de décision : 00:00:00.000
Usage mémoire : 23.8 KiB
Usage mémoire maximum : 1.4 MiB

Bot 8/9
Classe : awele.bot.competitor.nomdubot.AlphaBetaQLearningBot
Instanciation du bot "AlphaBetaQL_Enhanced"
Nom du bot : AlphaBetaQL_Enhanced
Auteur(s) : Auteur1 et Auteur2
Temps d'apprentissage : 00:00:00.221
Durée d'une prise de décision : 00:00:00.002
Usage mémoire : 129.3 KiB
Usage mémoire maximum : 17.1 MiB

Bot 9/9
Classe : awele.bot.demo.knn1.Knn1Bot
Instanciation du bot "k-NN1"
Nom du bot : k-NN1
Auteur(s) : Alexandre Blansché
Temps d'apprentissage : 00:00:00.003
Durée d'une prise de décision : 00:00:00.000
Usage mémoire : 12.8 KiB
Usage mémoire maximum : 924.0 KiB

9 bots ont été instanciés
Durée du chargement : 00:00:01.760
Mémoire utilisée : 1.9 MiB

Que le championnat commence !

Affrontement 1/36
First vs. QlearningBot_Demo
Score : 0.0 - 3.0
QlearningBot_Demo a gagné
Nombre de coups joués : 85.155 par match
Durée : 00:00:00.000 par match
Mémoire utilisée : 1.8 MiB

Affrontement 2/36
First vs. Random
Score : 1.19 - 1.79
Random a gagné
Nombre de coups joués : 155.145 par match
Durée : 00:00:00.000 par match
Mémoire utilisée : 1.8 MiB

Affrontement 3/36
First vs. Random
Score : 1.59 - 1.38
First a gagné
Nombre de coups joués : 151.945 par match
Durée : 00:00:00.000 par match
Mémoire utilisée : 1.8 MiB

Affrontement 4/36
First vs. Last
Score : 0.0 - 3.0
Last a gagné
Nombre de coups joués : 291.5 par match
Durée : 00:00:00.000 par match
Mémoire utilisée : 1.8 MiB

Affrontement 5/36
First vs. MinMax
Score : 0.0 - 3.0
MinMax a gagné
Nombre de coups joués : 57.305 par match
Durée : 00:00:00.015 par match
Mémoire utilisée : 1.8 MiB

Affrontement 6/36
First vs. k-NN2
Score : 0.41 - 2.57
k-NN2 a gagné
Nombre de coups joués : 190.7 par match
Durée : 00:00:00.001 par match
Mémoire utilisée : 1.8 MiB

Affrontement 7/36
First vs. AlphaBetaQL_Enhanced
Score : 0.0 - 3.0
AlphaBetaQL_Enhanced a gagné
Nombre de coups joués : 44.0 par match
Durée : 00:00:00.021 par match
Mémoire utilisée : 1.8 MiB

Affrontement 8/36
First vs. k-NN1
Score : 0.83 - 2.15
k-NN1 a gagné
Nombre de coups joués : 198.47 par match
Durée : 00:00:00.000 par match
Mémoire utilisée : 1.8 MiB

Affrontement 9/36
QlearningBot_Demo vs. Random
Score : 1.6 - 1.39
QlearningBot_Demo a gagné
Nombre de coups joués : 93.965 par match
Durée : 00:00:00.000 par match
Mémoire utilisée : 1.8 MiB

Affrontement 10/36
QlearningBot_Demo vs. Random
Score : 1.88 - 1.1
QlearningBot_Demo a gagné
Nombre de coups joués : 93.61 par match
Durée : 00:00:00.000 par match
Mémoire utilisée : 1.8 MiB

Affrontement 11/36
QlearningBot_Demo vs. Last
Score : 0.6 - 2.4
Last a gagné
Nombre de coups joués : 92.6 par match
Durée : 00:00:00.000 par match
Mémoire utilisée : 1.8 MiB

Affrontement 12/36
QlearningBot_Demo vs. MinMax
Score : 0.0 - 3.0
MinMax a gagné
Nombre de coups joués : 36.035 par match
Durée : 00:00:00.008 par match
Mémoire utilisée : 1.8 MiB

Affrontement 13/36
QlearningBot_Demo vs. k-NN2
Score : 0.57 - 2.43
k-NN2 a gagné
Nombre de coups joués : 77.68 par match
Durée : 00:00:00.000 par match
Mémoire utilisée : 1.8 MiB

Affrontement 14/36
QlearningBot_Demo vs. AlphaBetaQL_Enhanced
Score : 0.0 - 3.0
AlphaBetaQL_Enhanced a gagné
Nombre de coups joués : 37.59 par match
Durée : 00:00:00.019 par match
Mémoire utilisée : 1.9 MiB

Affrontement 15/36
QlearningBot_Demo vs. k-NN1
Score : 0.33 - 2.67
k-NN1 a gagné
Nombre de coups joués : 77.99 par match
Durée : 00:00:00.000 par match
Mémoire utilisée : 1.9 MiB

Affrontement 16/36
Random vs. Random
Score : 1.38 - 1.59
Random a gagné
Nombre de coups joués : 93.66 par match
Durée : 00:00:00.000 par match
Mémoire utilisée : 1.9 MiB

Affrontement 17/36
Random vs. Last
Score : 0.09 - 2.91
Last a gagné
Nombre de coups joués : 108.255 par match
Durée : 00:00:00.000 par match
Mémoire utilisée : 1.9 MiB

Affrontement 18/36
Random vs. MinMax
Score : 0.0 - 3.0
MinMax a gagné
Nombre de coups joués : 33.54 par match
Durée : 00:00:00.007 par match
Mémoire utilisée : 1.9 MiB

Affrontement 19/36
Random vs. k-NN2
Score : 0.26 - 2.72
k-NN2 a gagné
Nombre de coups joués : 77.845 par match
Durée : 00:00:00.000 par match
Mémoire utilisée : 1.9 MiB

Affrontement 20/36
Random vs. AlphaBetaQL_Enhanced
Score : 0.0 - 3.0
AlphaBetaQL_Enhanced a gagné
Nombre de coups joués : 37.17 par match
Durée : 00:00:00.017 par match
Mémoire utilisée : 1.8 MiB

Affrontement 21/36
Random vs. k-NN1
Score : 0.4 - 2.59
k-NN1 a gagné
Nombre de coups joués : 79.37 par match
Durée : 00:00:00.000 par match
Mémoire utilisée : 1.8 MiB

Affrontement 22/36
Random vs. Last
Score : 0.0 - 3.0
Last a gagné
Nombre de coups joués : 110.04 par match
Durée : 00:00:00.000 par match
Mémoire utilisée : 1.8 MiB

Affrontement 23/36
Random vs. MinMax
Score : 0.0 - 3.0
MinMax a gagné
Nombre de coups joués : 34.4 par match
Durée : 00:00:00.008 par match
Mémoire utilisée : 1.8 MiB

Affrontement 24/36
Random vs. k-NN2
Score : 0.46 - 2.53
k-NN2 a gagné
Nombre de coups joués : 77.125 par match
Durée : 00:00:00.000 par match
Mémoire utilisée : 1.8 MiB

Affrontement 25/36
Random vs. AlphaBetaQL_Enhanced
Score : 0.0 - 3.0
AlphaBetaQL_Enhanced a gagné
Nombre de coups joués : 36.15 par match
Durée : 00:00:00.016 par match
Mémoire utilisée : 1.8 MiB

Affrontement 26/36
Random vs. k-NN1
Score : 0.28 - 2.71
k-NN1 a gagné
Nombre de coups joués : 79.55 par match
Durée : 00:00:00.000 par match
Mémoire utilisée : 1.8 MiB

Affrontement 27/36
Last vs. MinMax
Score : 0.0 - 3.0
MinMax a gagné
Nombre de coups joués : 66.07 par match
Durée : 00:00:00.016 par match
Mémoire utilisée : 1.8 MiB

Affrontement 28/36
Last vs. k-NN2
Score : 2.85 - 0.15
Last a gagné
Nombre de coups joués : 114.845 par match
Durée : 00:00:00.000 par match
Mémoire utilisée : 1.8 MiB

Affrontement 29/36
Last vs. AlphaBetaQL_Enhanced
Score : 0.0 - 3.0
AlphaBetaQL_Enhanced a gagné
Nombre de coups joués : 75.0 par match
Durée : 00:00:00.056 par match
Mémoire utilisée : 1.8 MiB

Affrontement 30/36
Last vs. k-NN1
Score : 2.63 - 0.35
Last a gagné
Nombre de coups joués : 120.4 par match
Durée : 00:00:00.000 par match
Mémoire utilisée : 1.8 MiB

Affrontement 31/36
MinMax vs. k-NN2
Score : 3.0 - 0.0
MinMax a gagné
Nombre de coups joués : 44.36 par match
Durée : 00:00:00.012 par match
Mémoire utilisée : 1.8 MiB

Affrontement 32/36
MinMax vs. AlphaBetaQL_Enhanced
Score : 0.25 - 2.74
AlphaBetaQL_Enhanced a gagné
Nombre de coups joués : 120.77 par match
Durée : 00:00:00.164 par match
Mémoire utilisée : 2.0 MiB

Affrontement 33/36
MinMax vs. k-NN1
Score : 3.0 - 0.0
MinMax a gagné
Nombre de coups joués : 40.2 par match
Durée : 00:00:00.009 par match
Mémoire utilisée : 2.0 MiB

Affrontement 34/36
k-NN2 vs. AlphaBetaQL_Enhanced
Score : 0.0 - 3.0
AlphaBetaQL_Enhanced a gagné
Nombre de coups joués : 39.91 par match
Durée : 00:00:00.018 par match
Mémoire utilisée : 1.8 MiB

Affrontement 35/36
k-NN2 vs. k-NN1
Score : 1.27 - 1.72
k-NN1 a gagné
Nombre de coups joués : 81.16 par match
Durée : 00:00:00.000 par match
Mémoire utilisée : 1.8 MiB

Affrontement 36/36
AlphaBetaQL_Enhanced vs. k-NN1
Score : 3.0 - 0.0
AlphaBetaQL_Enhanced a gagné
Nombre de coups joués : 42.72 par match
Durée : 00:00:00.020 par match
Mémoire utilisée : 1.8 MiB

Durée du championnat : 00:01:25.342

Scores finaux :
First : 4.02
QlearningBot_Demo : 7.98
Random : 5.31
Random : 4.81
Last : 16.79
MinMax : 21.25
k-NN2 : 11.67
AlphaBetaQL_Enhanced : 23.74
k-NN1 : 12.19

Rangs :
1. AlphaBetaQL_Enhanced : 23.74
2. MinMax : 21.25
3. Last : 16.79
4. k-NN1 : 12.19
5. k-NN2 : 11.67
6. QlearningBot_Demo : 7.98
7. Random : 5.31
8. Random : 4.81
9. First : 4.02
